0 info it worked if it ends with ok
1 verbose cli [ '/Users/megclarke/.nvm/versions/node/v6.11.4/bin/node',
1 verbose cli   '/Users/megclarke/.nvm/versions/node/v6.11.4/bin/npm',
1 verbose cli   'install',
1 verbose cli   'n',
1 verbose cli   '11.8.0' ]
2 info using npm@3.10.10
3 info using node@v6.11.4
4 silly loadCurrentTree Starting
5 silly install loadCurrentTree
6 silly install readLocalPackageData
7 silly fetchPackageMetaData n
8 silly fetchPackageMetaData 11.8.0
9 silly fetchNamedPackageData n
10 silly mapToRegistry name n
11 silly mapToRegistry using default registry
12 silly mapToRegistry registry https://registry.npmjs.org/
13 silly mapToRegistry data Result {
13 silly mapToRegistry   raw: 'n',
13 silly mapToRegistry   scope: null,
13 silly mapToRegistry   escapedName: 'n',
13 silly mapToRegistry   name: 'n',
13 silly mapToRegistry   rawSpec: '',
13 silly mapToRegistry   spec: 'latest',
13 silly mapToRegistry   type: 'tag' }
14 silly mapToRegistry uri https://registry.npmjs.org/n
15 silly fetchNamedPackageData 11.8.0
16 silly mapToRegistry name 11.8.0
17 silly mapToRegistry using default registry
18 silly mapToRegistry registry https://registry.npmjs.org/
19 silly mapToRegistry data Result {
19 silly mapToRegistry   raw: '11.8.0',
19 silly mapToRegistry   scope: null,
19 silly mapToRegistry   escapedName: '11.8.0',
19 silly mapToRegistry   name: '11.8.0',
19 silly mapToRegistry   rawSpec: '',
19 silly mapToRegistry   spec: 'latest',
19 silly mapToRegistry   type: 'tag' }
20 silly mapToRegistry uri https://registry.npmjs.org/11.8.0
21 verbose request uri https://registry.npmjs.org/11.8.0
22 verbose request no auth needed
23 info attempt registry request try #1 at 10:02:29 PM
24 verbose request id 9699cb1ae8eee9b4
25 http request GET https://registry.npmjs.org/11.8.0
26 verbose request uri https://registry.npmjs.org/n
27 verbose request no auth needed
28 info attempt registry request try #1 at 10:02:29 PM
29 verbose etag W/"794fec4ca3d45c86a55b552d4a0e3ec8"
30 verbose lastModified Fri, 03 Aug 2018 00:36:01 GMT
31 http request GET https://registry.npmjs.org/n
32 http 304 https://registry.npmjs.org/n
33 verbose headers { date: 'Mon, 28 Jan 2019 03:02:29 GMT',
33 verbose headers   connection: 'keep-alive',
33 verbose headers   'set-cookie': [ '__cfduid=d54b439de00b20c565a142689301e1f381548644549; expires=Tue, 28-Jan-20 03:02:29 GMT; path=/; domain=.registry.npmjs.org; HttpOnly' ],
33 verbose headers   'cf-cache-status': 'HIT',
33 verbose headers   'cache-control': 'max-age=300',
33 verbose headers   'cf-ray': '4a003871c859ab48-YYZ',
33 verbose headers   etag: '"794fec4ca3d45c86a55b552d4a0e3ec8"',
33 verbose headers   'expect-ct': 'max-age=604800, report-uri="https://report-uri.cloudflare.com/cdn-cgi/beacon/expect-ct"',
33 verbose headers   'last-modified': 'Fri, 03 Aug 2018 00:36:01 GMT',
33 verbose headers   vary: 'accept-encoding, accept',
33 verbose headers   server: 'cloudflare' }
34 silly get cb [ 304,
34 silly get   { date: 'Mon, 28 Jan 2019 03:02:29 GMT',
34 silly get     connection: 'keep-alive',
34 silly get     'set-cookie': [ '__cfduid=d54b439de00b20c565a142689301e1f381548644549; expires=Tue, 28-Jan-20 03:02:29 GMT; path=/; domain=.registry.npmjs.org; HttpOnly' ],
34 silly get     'cf-cache-status': 'HIT',
34 silly get     'cache-control': 'max-age=300',
34 silly get     'cf-ray': '4a003871c859ab48-YYZ',
34 silly get     etag: '"794fec4ca3d45c86a55b552d4a0e3ec8"',
34 silly get     'expect-ct': 'max-age=604800, report-uri="https://report-uri.cloudflare.com/cdn-cgi/beacon/expect-ct"',
34 silly get     'last-modified': 'Fri, 03 Aug 2018 00:36:01 GMT',
34 silly get     vary: 'accept-encoding, accept',
34 silly get     server: 'cloudflare' } ]
35 verbose etag https://registry.npmjs.org/n from cache
36 verbose get saving n to /Users/megclarke/.npm/registry.npmjs.org/n/.cache.json
37 verbose correctMkdir /Users/megclarke/.npm correctMkdir not in flight; initializing
38 http 404 https://registry.npmjs.org/11.8.0
39 verbose headers { date: 'Mon, 28 Jan 2019 03:02:29 GMT',
39 verbose headers   'content-type': 'application/json',
39 verbose headers   'content-length': '21',
39 verbose headers   connection: 'keep-alive',
39 verbose headers   'set-cookie': [ '__cfduid=d0645de0e118438676dcca0d4d8a349101548644549; expires=Tue, 28-Jan-20 03:02:29 GMT; path=/; domain=.registry.npmjs.org; HttpOnly' ],
39 verbose headers   'cf-cache-status': 'MISS',
39 verbose headers   'cache-control': 'max-age=300',
39 verbose headers   'cf-ray': '4a003871cb71ab6c-YYZ',
39 verbose headers   'expect-ct': 'max-age=604800, report-uri="https://report-uri.cloudflare.com/cdn-cgi/beacon/expect-ct"',
39 verbose headers   vary: 'accept-encoding, accept',
39 verbose headers   server: 'cloudflare' }
40 silly get cb [ 404,
40 silly get   { date: 'Mon, 28 Jan 2019 03:02:29 GMT',
40 silly get     'content-type': 'application/json',
40 silly get     'content-length': '21',
40 silly get     connection: 'keep-alive',
40 silly get     'set-cookie': [ '__cfduid=d0645de0e118438676dcca0d4d8a349101548644549; expires=Tue, 28-Jan-20 03:02:29 GMT; path=/; domain=.registry.npmjs.org; HttpOnly' ],
40 silly get     'cf-cache-status': 'MISS',
40 silly get     'cache-control': 'max-age=300',
40 silly get     'cf-ray': '4a003871cb71ab6c-YYZ',
40 silly get     'expect-ct': 'max-age=604800, report-uri="https://report-uri.cloudflare.com/cdn-cgi/beacon/expect-ct"',
40 silly get     vary: 'accept-encoding, accept',
40 silly get     server: 'cloudflare' } ]
41 silly fetchPackageMetaData Error: Not found : 11.8.0
41 silly fetchPackageMetaData     at makeError (/Users/megclarke/.nvm/versions/node/v6.11.4/lib/node_modules/npm/node_modules/npm-registry-client/lib/request.js:302:12)
41 silly fetchPackageMetaData     at CachingRegistryClient.<anonymous> (/Users/megclarke/.nvm/versions/node/v6.11.4/lib/node_modules/npm/node_modules/npm-registry-client/lib/request.js:290:14)
41 silly fetchPackageMetaData     at Request._callback (/Users/megclarke/.nvm/versions/node/v6.11.4/lib/node_modules/npm/node_modules/npm-registry-client/lib/request.js:210:14)
41 silly fetchPackageMetaData     at Request.self.callback (/Users/megclarke/.nvm/versions/node/v6.11.4/lib/node_modules/npm/node_modules/request/request.js:187:22)
41 silly fetchPackageMetaData     at emitTwo (events.js:106:13)
41 silly fetchPackageMetaData     at Request.emit (events.js:191:7)
41 silly fetchPackageMetaData     at Request.<anonymous> (/Users/megclarke/.nvm/versions/node/v6.11.4/lib/node_modules/npm/node_modules/request/request.js:1048:10)
41 silly fetchPackageMetaData     at emitOne (events.js:96:13)
41 silly fetchPackageMetaData     at Request.emit (events.js:188:7)
41 silly fetchPackageMetaData     at IncomingMessage.<anonymous> (/Users/megclarke/.nvm/versions/node/v6.11.4/lib/node_modules/npm/node_modules/request/request.js:969:12)
41 silly fetchPackageMetaData  error for 11.8.0 { Error: Not found : 11.8.0
41 silly fetchPackageMetaData     at makeError (/Users/megclarke/.nvm/versions/node/v6.11.4/lib/node_modules/npm/node_modules/npm-registry-client/lib/request.js:302:12)
41 silly fetchPackageMetaData     at CachingRegistryClient.<anonymous> (/Users/megclarke/.nvm/versions/node/v6.11.4/lib/node_modules/npm/node_modules/npm-registry-client/lib/request.js:290:14)
41 silly fetchPackageMetaData     at Request._callback (/Users/megclarke/.nvm/versions/node/v6.11.4/lib/node_modules/npm/node_modules/npm-registry-client/lib/request.js:210:14)
41 silly fetchPackageMetaData     at Request.self.callback (/Users/megclarke/.nvm/versions/node/v6.11.4/lib/node_modules/npm/node_modules/request/request.js:187:22)
41 silly fetchPackageMetaData     at emitTwo (events.js:106:13)
41 silly fetchPackageMetaData     at Request.emit (events.js:191:7)
41 silly fetchPackageMetaData     at Request.<anonymous> (/Users/megclarke/.nvm/versions/node/v6.11.4/lib/node_modules/npm/node_modules/request/request.js:1048:10)
41 silly fetchPackageMetaData     at emitOne (events.js:96:13)
41 silly fetchPackageMetaData     at Request.emit (events.js:188:7)
41 silly fetchPackageMetaData     at IncomingMessage.<anonymous> (/Users/megclarke/.nvm/versions/node/v6.11.4/lib/node_modules/npm/node_modules/request/request.js:969:12) pkgid: '11.8.0', statusCode: 404, code: 'E404' }
42 silly rollbackFailedOptional Starting
43 silly rollbackFailedOptional Finishing
44 silly runTopLevelLifecycles Finishing
45 silly install printInstalled
46 verbose stack Error: Not found : 11.8.0
46 verbose stack     at makeError (/Users/megclarke/.nvm/versions/node/v6.11.4/lib/node_modules/npm/node_modules/npm-registry-client/lib/request.js:302:12)
46 verbose stack     at CachingRegistryClient.<anonymous> (/Users/megclarke/.nvm/versions/node/v6.11.4/lib/node_modules/npm/node_modules/npm-registry-client/lib/request.js:290:14)
46 verbose stack     at Request._callback (/Users/megclarke/.nvm/versions/node/v6.11.4/lib/node_modules/npm/node_modules/npm-registry-client/lib/request.js:210:14)
46 verbose stack     at Request.self.callback (/Users/megclarke/.nvm/versions/node/v6.11.4/lib/node_modules/npm/node_modules/request/request.js:187:22)
46 verbose stack     at emitTwo (events.js:106:13)
46 verbose stack     at Request.emit (events.js:191:7)
46 verbose stack     at Request.<anonymous> (/Users/megclarke/.nvm/versions/node/v6.11.4/lib/node_modules/npm/node_modules/request/request.js:1048:10)
46 verbose stack     at emitOne (events.js:96:13)
46 verbose stack     at Request.emit (events.js:188:7)
46 verbose stack     at IncomingMessage.<anonymous> (/Users/megclarke/.nvm/versions/node/v6.11.4/lib/node_modules/npm/node_modules/request/request.js:969:12)
47 verbose statusCode 404
48 verbose pkgid 11.8.0
49 verbose cwd /Users/megclarke/Documents/work/Simplicated
50 error Darwin 15.6.0
51 error argv "/Users/megclarke/.nvm/versions/node/v6.11.4/bin/node" "/Users/megclarke/.nvm/versions/node/v6.11.4/bin/npm" "install" "n" "11.8.0"
52 error node v6.11.4
53 error npm  v3.10.10
54 error code E404
55 error 404 Not found : 11.8.0
56 error 404
57 error 404 '11.8.0' is not in the npm registry.
58 error 404 You should bug the author to publish it (or use the name yourself!)
59 error 404 Note that you can also install from a
60 error 404 tarball, folder, http url, or git url.
61 verbose exit [ 1, true ]
